[2014-05-26 23:04:17] wsse.ERROR: WSSE Login failed for maxtor3569@gmail.com. Why ? Back to the future... [] []
[2014-05-26 23:04:28] wsse.ERROR: WSSE Login failed for maxtor3569@gmail.com. Why ? Back to the future... [] []
[2014-05-26 23:05:32] wsse.ERROR: WSSE Login failed for maxtor3569@gmail.com. Why ? Back to the future... [] []
[2014-05-26 23:18:11] wsse.ERROR: WSSE Login failed for maxtor3569@gmail.com. Why ? Back to the future... [] []
[2014-05-26 23:24:40] wsse.ERROR: WSSE Login failed for maxtor3569@gmail.com. Why ? Back to the future... [] []
[2014-05-26 23:25:57] wsse.ERROR: WSSE Login failed for maxtor3569@gmail.com. Why ? Back to the future... [] []
[2014-05-26 23:28:24] wsse.ERROR: WSSE Login failed for maxtor3569@gmail.com. Why ? Back to the future... [] []
[2014-05-26 23:31:19] wsse.ERROR: WSSE Login failed for maxtor3569@gmail.com. Why ? Back to the future... [] []
[2014-05-26 23:33:23] wsse.ERROR: WSSE Login failed for maxtor3569@gmail.com. Why ? Back to the future... [] []
[2014-05-26 23:41:04] wsse.ERROR: WSSE Login failed for maxtor3569@gmail.com. Why ? Back to the future... [] []
[2014-05-26 23:41:13] wsse.ERROR: WSSE Login failed for maxtor3569@gmail.com. Why ? Back to the future... [] []
[2014-05-26 23:41:33] wsse.ERROR: WSSE Login failed for maxtor3569@gmail.com. Why ? Back to the future... [] []
[2014-05-26 23:41:54] wsse.ERROR: WSSE Login failed for maxtor3569@gmail.com. Why ? Back to the future... [] []
[2014-05-26 23:42:23] wsse.ERROR: WSSE Login failed for maxtor3569@gmail.com. Why ? Bad credentials ! Digest is not as expected. [] []
[2014-05-26 23:42:59] wsse.ERROR: WSSE Login failed for maxtor3569@gmail.com. Why ? Bad credentials ! Digest is not as expected. [] []
[2014-05-26 23:45:35] wsse.ERROR: WSSE Login failed for maxtor3569@gmail.com. Why ? Bad credentials ! Digest is not as expected. [] []
[2014-05-26 23:45:44] wsse.ERROR: WSSE Login failed for maxtor3569@gmail.com. Why ? Previously used nonce detected [] []
[2014-05-26 23:46:09] wsse.ERROR: WSSE Login failed for maxtor3569@gmail.com. Why ? Bad credentials ! Digest is not as expected. [] []
[2014-05-26 23:48:29] wsse.ERROR: WSSE Login failed for maxtor3569@gmail.com. Why ? Back to the future... [] []
[2014-05-26 23:49:00] wsse.ERROR: WSSE Login failed for maxtor3569@gmail.com. Why ? Back to the future... [] []
[2014-05-26 23:49:23] wsse.ERROR: WSSE Login failed for maxtor3569@gmail.com. Why ? Too late for this timestamp... Watch your watch. [] []
[2014-05-26 23:49:39] wsse.ERROR: WSSE Login failed for maxtor3569@gmail.com. Why ? Too late for this timestamp... Watch your watch. [] []
[2014-05-27 14:52:17] wsse.ERROR: WSSE Login failed for maxtor3569@gmail.com. Why ? Bad credentials ! Digest is not as expected. [] []
[2014-05-27 14:53:56] wsse.ERROR: WSSE Login failed for maxtor3569@gmail.com. Why ? Bad credentials ! Digest is not as expected. [] []
[2014-05-27 14:56:49] wsse.ERROR: WSSE Login failed for maxtor3569@gmail.com. Why ? Bad credentials ! Digest is not as expected. [] []
[2014-05-27 15:04:34] wsse.ERROR: WSSE Login failed for maxtor3569@gmail.com. Why ? Bad credentials ! Digest is not as expected. [] []
[2014-05-27 15:09:40] wsse.ERROR: WSSE Login failed for maxtor3569@gmail.com. Why ? Bad credentials ! Digest is not as expected. [] []
[2014-05-27 15:11:50] wsse.ERROR: WSSE Login failed for maxtor3569@gmail.com. Why ? Bad credentials ! Digest is not as expected. [] []
[2014-05-27 15:13:18] wsse.ERROR: WSSE Login failed for maxtor3569@gmail.com. Why ? Bad credentials ! Digest is not as expected. [] []
[2014-05-27 15:14:38] wsse.ERROR: WSSE Login failed for maxtor3569@gmail.com. Why ? Bad credentials ! Digest is not as expected. [] []
[2014-05-27 16:37:50] wsse.ERROR: WSSE Login failed for maxtor3569@gmail.com. Why ? Bad credentials ! Digest is not as expected. [] []
[2014-05-27 16:43:14] wsse.ERROR: WSSE Login failed for maxtor3569@gmail.com. Why ? Bad credentials ! Digest is not as expected. [] []
[2014-05-28 19:30:51] wsse.ERROR: WSSE Login failed for maxtor3569@gmail.com. Why ? Bad credentials ! Digest is not as expected. [] []
[2014-05-29 00:33:14] wsse.ERROR: WSSE Login failed for maxtor3569@gmail.com. Why ? Bad credentials ! Digest is not as expected. [] []
[2014-05-29 00:40:56] wsse.ERROR: WSSE Login failed for maxtor3569@gmail.com. Why ? Bad credentials ! Digest is not as expected. [] []
[2014-05-29 00:57:22] wsse.ERROR: WSSE Login failed for maxtor3569@gmail.com. Why ? Bad credentials ! Digest is not as expected. [] []
[2014-05-29 01:10:12] wsse.ERROR: WSSE Login failed for maxtor3569@gmail.com. Why ? Bad credentials ! Digest is not as expected. [] []
[2014-05-29 19:31:50] wsse.ERROR: WSSE Login failed for maxtor3569@gmail.com. Why ? Bad credentials ! Digest is not as expected. [] []
[2014-05-29 23:58:11] wsse.ERROR: WSSE Login failed for maxtor3569@gmail.com. Why ? Bad credentials ! Digest is not as expected. [] []
[2014-05-30 00:05:01] wsse.ERROR: WSSE Login failed for maxtor3569@gmail.com. Why ? Bad credentials ! Digest is not as expected. [] []
[2014-05-30 00:24:25] wsse.ERROR: WSSE Login failed for maxtor3569@gmail.com. Why ? Bad credentials ! Digest is not as expected. [] []
[2014-06-01 16:59:39] wsse.ERROR: WSSE Login failed for maxtor3569@gmail.com. Why ? Bad credentials ! Digest is not as expected. [] []
[2014-06-02 01:22:58] wsse.ERROR: WSSE Login failed for maxtor3569@gmail.com. Why ? Bad credentials ! Digest is not as expected. [] []
[2014-06-03 16:52:59] wsse.ERROR: WSSE Login failed for maxtor3569@gmail.com. Why ? Bad credentials ! Digest is not as expected. [] []
[2014-06-03 17:01:43] wsse.ERROR: WSSE Login failed for maxtor3569@gmail.com. Why ? Bad credentials ! Digest is not as expected. [] []
[2014-06-04 03:58:07] wsse.ERROR: WSSE Login failed for maxtor3569@gmail.com. Why ? Bad credentials ! Digest is not as expected. [] []
[2014-06-06 22:15:45] wsse.ERROR: WSSE Login failed for maxtor3569@gnail.com. Why ? No user with name "maxtor3569@gnail.com" was found. [] []
[2014-06-28 14:49:04] wsse.ERROR: WSSE Login failed for maxtor3569@gnail.com. Why ? No user with name "maxtor3569@gnail.com" was found. [] []
[2014-06-28 14:49:20] wsse.ERROR: WSSE Login failed for maxtor3569@gmail.com. Why ? Bad credentials ! Digest is not as expected. [] []
[2014-06-28 14:49:31] wsse.ERROR: WSSE Login failed for maxtor3569@gmail.com. Why ? Bad credentials ! Digest is not as expected. [] []
